2026-02-27 10:47:50.534 [info] [main] Log level: Info
2026-02-27 10:47:50.534 [info] [main] Validating found git in: "git"
2026-02-27 10:47:50.534 [info] [main] Using git "2.53.0" from "git"
2026-02-27 10:47:50.534 [info] [Model][doInitialScan] Initial repository scan started
2026-02-27 10:47:50.534 [info] [Model][doInitialScan] Initial repository scan completed - repositories (0), closed repositories (0), parent repositories (0), unsafe repositories (0)
2026-02-27 10:49:32.441 [info] [main] Log level: Info
2026-02-27 10:49:32.441 [info] [main] Validating found git in: "git"
2026-02-27 10:49:32.441 [info] [main] Using git "2.53.0" from "git"
2026-02-27 10:49:32.441 [info] [Model][doInitialScan] Initial repository scan started
2026-02-27 10:49:32.441 [info] > git rev-parse --show-toplevel [4ms]
2026-02-27 10:49:32.441 [info] fatal: not a git repository (or any parent up to mount point /)
Stopping at filesystem boundary (GIT_DISCOVERY_ACROSS_FILESYSTEM not set).
2026-02-27 10:49:32.444 [info] > git rev-parse --show-toplevel [0ms]
2026-02-27 10:49:32.444 [info] fatal: not a git repository (or any parent up to mount point /)
Stopping at filesystem boundary (GIT_DISCOVERY_ACROSS_FILESYSTEM not set).
2026-02-27 10:49:32.447 [info] > git rev-parse --show-toplevel [1ms]
2026-02-27 10:49:32.447 [info] fatal: not a git repository (or any parent up to mount point /)
Stopping at filesystem boundary (GIT_DISCOVERY_ACROSS_FILESYSTEM not set).
2026-02-27 10:49:32.450 [info] > git rev-parse --show-toplevel [1ms]
2026-02-27 10:49:32.450 [info] fatal: not a git repository (or any parent up to mount point /)
Stopping at filesystem boundary (GIT_DISCOVERY_ACROSS_FILESYSTEM not set).
2026-02-27 10:49:32.450 [info] [Model][doInitialScan] Initial repository scan completed - repositories (0), closed repositories (0), parent repositories (0), unsafe repositories (0)
2026-02-27 10:49:33.786 [info] > git rev-parse --show-toplevel [1ms]
2026-02-27 10:49:33.786 [info] fatal: not a git repository (or any parent up to mount point /)
Stopping at filesystem boundary (GIT_DISCOVERY_ACROSS_FILESYSTEM not set).
2026-02-27 10:49:43.406 [info] > git rev-parse --show-toplevel [1ms]
2026-02-27 10:49:43.406 [info] fatal: not a git repository (or any parent up to mount point /)
Stopping at filesystem boundary (GIT_DISCOVERY_ACROSS_FILESYSTEM not set).
2026-02-27 10:49:54.829 [info] > git rev-parse --show-toplevel [0ms]
2026-02-27 10:49:54.829 [info] fatal: not a git repository (or any parent up to mount point /)
Stopping at filesystem boundary (GIT_DISCOVERY_ACROSS_FILESYSTEM not set).
2026-02-27 10:50:51.367 [info] > git rev-parse --show-toplevel [1ms]
2026-02-27 10:51:17.117 [info] > git rev-parse --show-toplevel [0ms]
2026-02-27 10:51:17.117 [info] fatal: not a git repository (or any parent up to mount point /)
Stopping at filesystem boundary (GIT_DISCOVERY_ACROSS_FILESYSTEM not set).
