[2026-Mar-24 22:02:25.551 +01:00][ 4262: 4262][info ] Logging initialized
[2026-Mar-24 22:02:25.551 +01:00][ 4262: 4262][info ] Initializing krisp SDK...
[2026-Mar-24 22:02:25.551 +01:00][ 4262: 4262][info ] DoKrispInitialize
[2026-Mar-24 22:02:25.841 +01:00][ 4262: 4262][info ] LoadDynamicKrisp
[2026-Mar-24 22:02:25.841 +01:00][ 4262: 4262][info ] Did not find KRISP_DYLIB_PATH, skipping dynamic loading
[2026-Mar-24 22:02:25.841 +01:00][ 4262: 4262][info ] Initializing Krisp SDK in PID 4262, addr 0x7f97a3d5d150
[2026-Mar-24 22:02:25.842 +01:00][ 4262: 4262][info ] Initialized Krisp SDK successfully
[2026-Mar-24 22:02:25.842 +01:00][ 4262: 4262][info ] Krisp SDK initialized
[2026-Mar-24 22:03:18.664 +01:00][ 4262: 4323][info ] KrispNCSetup: sampleRate = 48000, duration = 10
[2026-Mar-24 22:03:18.664 +01:00][ 4262: 4323][info ] Setting Krisp model: full_NC
[2026-Mar-24 22:03:18.693 +01:00][ 4262: 4323][info ] KrispVADSetup: sampleRate = 48000, duration = 10
[2026-Mar-24 22:03:26.451 +01:00][ 4262: 4323][info ] KrispVADSetup: sampleRate = 48000, duration = 10
[2026-Mar-24 22:03:30.030 +01:00][ 4262: 4304][info ] KrispVADReset
[2026-Mar-24 23:31:04.302 +01:00][ 4262: 4323][info ] KrispVADSetup: sampleRate = 48000, duration = 10
[2026-Mar-24 23:31:08.038 +01:00][ 4262: 4304][info ] KrispVADReset
[2026-Mar-24 23:31:09.267 +01:00][ 4262: 4323][info ] KrispVADSetup: sampleRate = 48000, duration = 10
[2026-Mar-24 23:31:11.748 +01:00][ 4262: 4304][info ] KrispVADReset
[2026-Mar-24 23:31:14.228 +01:00][ 4262: 4304][info ] KrispVADReset
[2026-Mar-25 08:26:39.190 +01:00][ 4262: 4304][info ] KrispNCReset
[2026-Mar-25 08:26:39.333 +01:00][ 4262: 4262][info ] Logging initialized
[2026-Mar-25 08:26:39.333 +01:00][ 4262: 4262][info ] Initializing krisp SDK...
[2026-Mar-25 08:26:39.333 +01:00][ 4262: 4262][info ] Krisp SDK initialized
[2026-Mar-25 20:32:22.198 +01:00][ 4700: 4700][info ] Logging initialized
[2026-Mar-25 20:32:22.198 +01:00][ 4700: 4700][info ] Initializing krisp SDK...
[2026-Mar-25 20:32:22.198 +01:00][ 4700: 4700][info ] DoKrispInitialize
[2026-Mar-25 20:32:22.511 +01:00][ 4700: 4700][info ] LoadDynamicKrisp
[2026-Mar-25 20:32:22.511 +01:00][ 4700: 4700][info ] Did not find KRISP_DYLIB_PATH, skipping dynamic loading
[2026-Mar-25 20:32:22.511 +01:00][ 4700: 4700][info ] Initializing Krisp SDK in PID 4700, addr 0x7f3015d6d150
[2026-Mar-25 20:32:22.512 +01:00][ 4700: 4700][info ] Initialized Krisp SDK successfully
[2026-Mar-25 20:32:22.512 +01:00][ 4700: 4700][info ] Krisp SDK initialized
[2026-Mar-25 20:32:23.392 +01:00][ 4700: 4700][info ] Logging initialized
[2026-Mar-25 20:32:23.392 +01:00][ 4700: 4700][info ] Initializing krisp SDK...
[2026-Mar-25 20:32:23.392 +01:00][ 4700: 4700][info ] Krisp SDK initialized
[2026-Mar-28 19:28:46.335 +01:00][ 5117: 5117][info ] Logging initialized
[2026-Mar-28 19:28:46.335 +01:00][ 5117: 5117][info ] Initializing krisp SDK...
[2026-Mar-28 19:28:46.335 +01:00][ 5117: 5117][info ] DoKrispInitialize
[2026-Mar-28 19:28:46.639 +01:00][ 5117: 5117][info ] LoadDynamicKrisp
[2026-Mar-28 19:28:46.639 +01:00][ 5117: 5117][info ] Did not find KRISP_DYLIB_PATH, skipping dynamic loading
[2026-Mar-28 19:28:46.639 +01:00][ 5117: 5117][info ] Initializing Krisp SDK in PID 5117, addr 0x7faf3396d150
[2026-Mar-28 19:28:46.640 +01:00][ 5117: 5117][info ] Initialized Krisp SDK successfully
[2026-Mar-28 19:28:46.640 +01:00][ 5117: 5117][info ] Krisp SDK initialized
[2026-Mar-28 19:31:45.475 +01:00][ 5117: 5175][info ] KrispNCSetup: sampleRate = 48000, duration = 10
[2026-Mar-28 19:31:45.475 +01:00][ 5117: 5175][info ] Setting Krisp model: full_NC
[2026-Mar-28 19:31:45.505 +01:00][ 5117: 5175][info ] KrispVADSetup: sampleRate = 48000, duration = 10
[2026-Mar-28 19:31:51.810 +01:00][ 5117: 5175][info ] KrispVADSetup: sampleRate = 48000, duration = 10
[2026-Mar-28 19:31:53.261 +01:00][ 5117: 5157][info ] KrispVADReset
[2026-Mar-28 19:34:17.907 +01:00][ 5117: 5175][info ] KrispVADSetup: sampleRate = 48000, duration = 10
[2026-Mar-28 19:34:21.141 +01:00][ 5117: 5157][info ] KrispVADReset
[2026-Mar-28 19:34:28.832 +01:00][ 5117: 5175][info ] KrispVADSetup: sampleRate = 48000, duration = 10
[2026-Mar-28 19:34:38.404 +01:00][ 5117: 5157][info ] KrispVADReset
[2026-Mar-28 20:38:19.686 +01:00][ 5117: 5157][info ] KrispVADReset
[2026-Mar-28 23:15:00.452 +01:00][ 5117: 5175][info ] KrispVADSetup: sampleRate = 48000, duration = 10
[2026-Mar-28 23:20:02.685 +01:00][ 5117: 5157][info ] KrispVADReset
[2026-Mar-28 23:20:10.823 +01:00][ 5117: 5175][info ] KrispVADSetup: sampleRate = 48000, duration = 10
[2026-Mar-28 23:21:33.527 +01:00][ 3975: 3975][info ] Logging initialized
[2026-Mar-28 23:21:33.527 +01:00][ 3975: 3975][info ] Initializing krisp SDK...
[2026-Mar-28 23:21:33.527 +01:00][ 3975: 3975][info ] DoKrispInitialize
[2026-Mar-28 23:21:33.829 +01:00][ 3975: 3975][info ] LoadDynamicKrisp
[2026-Mar-28 23:21:33.829 +01:00][ 3975: 3975][info ] Did not find KRISP_DYLIB_PATH, skipping dynamic loading
[2026-Mar-28 23:21:33.829 +01:00][ 3975: 3975][info ] Initializing Krisp SDK in PID 3975, addr 0x7f03c176d150
[2026-Mar-28 23:21:33.830 +01:00][ 3975: 3975][info ] Initialized Krisp SDK successfully
[2026-Mar-28 23:21:33.830 +01:00][ 3975: 3975][info ] Krisp SDK initialized
[2026-Mar-28 23:21:38.747 +01:00][ 3975: 4035][info ] KrispNCSetup: sampleRate = 48000, duration = 10
[2026-Mar-28 23:21:38.747 +01:00][ 3975: 4035][info ] Setting Krisp model: full_NC
[2026-Mar-28 23:21:38.774 +01:00][ 3975: 4035][info ] KrispVADSetup: sampleRate = 48000, duration = 10
[2026-Mar-28 23:27:46.199 +01:00][ 3975: 4017][info ] KrispVADReset
[2026-Mar-28 23:29:12.647 +01:00][ 6229: 6229][info ] Logging initialized
[2026-Mar-28 23:29:12.647 +01:00][ 6229: 6229][info ] Initializing krisp SDK...
[2026-Mar-28 23:29:12.647 +01:00][ 6229: 6229][info ] DoKrispInitialize
[2026-Mar-28 23:29:12.950 +01:00][ 6229: 6229][info ] LoadDynamicKrisp
[2026-Mar-28 23:29:12.950 +01:00][ 6229: 6229][info ] Did not find KRISP_DYLIB_PATH, skipping dynamic loading
[2026-Mar-28 23:29:12.950 +01:00][ 6229: 6229][info ] Initializing Krisp SDK in PID 6229, addr 0x7f975577d150
[2026-Mar-28 23:29:12.951 +01:00][ 6229: 6229][info ] Initialized Krisp SDK successfully
[2026-Mar-28 23:29:12.951 +01:00][ 6229: 6229][info ] Krisp SDK initialized
[2026-Mar-29 00:56:14.074 +01:00][ 7554: 7554][info ] Logging initialized
[2026-Mar-29 00:56:14.074 +01:00][ 7554: 7554][info ] Initializing krisp SDK...
[2026-Mar-29 00:56:14.074 +01:00][ 7554: 7554][info ] DoKrispInitialize
[2026-Mar-29 00:56:14.325 +01:00][ 7554: 7554][info ] LoadDynamicKrisp
[2026-Mar-29 00:56:14.325 +01:00][ 7554: 7554][info ] Did not find KRISP_DYLIB_PATH, skipping dynamic loading
[2026-Mar-29 00:56:14.325 +01:00][ 7554: 7554][info ] Initializing Krisp SDK in PID 7554, addr 0x7f655156d150
[2026-Mar-29 00:56:14.325 +01:00][ 7554: 7554][info ] Initialized Krisp SDK successfully
[2026-Mar-29 00:56:14.325 +01:00][ 7554: 7554][info ] Krisp SDK initialized
[2026-Mar-29 15:51:18.771 +02:00][ 8147: 8147][info ] Logging initialized
[2026-Mar-29 15:51:18.771 +02:00][ 8147: 8147][info ] Initializing krisp SDK...
[2026-Mar-29 15:51:18.771 +02:00][ 8147: 8147][info ] DoKrispInitialize
[2026-Mar-29 15:51:19.077 +02:00][ 8147: 8147][info ] LoadDynamicKrisp
[2026-Mar-29 15:51:19.077 +02:00][ 8147: 8147][info ] Did not find KRISP_DYLIB_PATH, skipping dynamic loading
[2026-Mar-29 15:51:19.077 +02:00][ 8147: 8147][info ] Initializing Krisp SDK in PID 8147, addr 0x7faee0d6d150
[2026-Mar-29 15:51:19.078 +02:00][ 8147: 8147][info ] Initialized Krisp SDK successfully
[2026-Mar-29 15:51:19.078 +02:00][ 8147: 8147][info ] Krisp SDK initialized
[2026-Mar-30 19:37:01.654 +02:00][ 5233: 5233][info ] Logging initialized
[2026-Mar-30 19:37:01.654 +02:00][ 5233: 5233][info ] Initializing krisp SDK...
[2026-Mar-30 19:37:01.654 +02:00][ 5233: 5233][info ] DoKrispInitialize
[2026-Mar-30 19:37:01.957 +02:00][ 5233: 5233][info ] LoadDynamicKrisp
[2026-Mar-30 19:37:01.957 +02:00][ 5233: 5233][info ] Did not find KRISP_DYLIB_PATH, skipping dynamic loading
[2026-Mar-30 19:37:01.957 +02:00][ 5233: 5233][info ] Initializing Krisp SDK in PID 5233, addr 0x7f82fcd6d150
[2026-Mar-30 19:37:01.958 +02:00][ 5233: 5233][info ] Initialized Krisp SDK successfully
[2026-Mar-30 19:37:01.958 +02:00][ 5233: 5233][info ] Krisp SDK initialized
[2026-Mar-30 19:37:07.926 +02:00][ 5233: 5306][info ] KrispNCSetup: sampleRate = 48000, duration = 10
[2026-Mar-30 19:37:07.926 +02:00][ 5233: 5306][info ] Setting Krisp model: full_NC
[2026-Mar-30 19:37:07.953 +02:00][ 5233: 5306][info ] KrispVADSetup: sampleRate = 48000, duration = 10
[2026-Mar-30 19:37:15.997 +02:00][ 5233: 5306][info ] KrispVADSetup: sampleRate = 48000, duration = 10
[2026-Mar-30 19:37:18.100 +02:00][ 5233: 5286][info ] KrispVADReset
[2026-Mar-30 20:25:53.903 +02:00][ 5233: 5306][info ] KrispVADSetup: sampleRate = 48000, duration = 10
[2026-Mar-30 20:25:53.950 +02:00][ 5233: 5286][info ] KrispVADReset
[2026-Mar-30 20:25:55.760 +02:00][ 5233: 5306][info ] KrispVADSetup: sampleRate = 48000, duration = 10
[2026-Mar-30 20:25:56.337 +02:00][ 5233: 5286][info ] KrispNCReset
[2026-Mar-30 20:25:56.337 +02:00][ 5233: 5286][info ] KrispVADReset
[2026-Mar-30 20:25:56.379 +02:00][ 5233: 5306][info ] KrispVADSetup: sampleRate = 48000, duration = 10
[2026-Mar-30 20:25:57.032 +02:00][ 5233: 5286][info ] KrispVADReset
[2026-Mar-30 20:28:52.422 +02:00][ 3148: 3148][info ] Logging initialized
[2026-Mar-30 20:28:52.422 +02:00][ 3148: 3148][info ] Initializing krisp SDK...
[2026-Mar-30 20:28:52.422 +02:00][ 3148: 3148][info ] DoKrispInitialize
[2026-Mar-30 20:28:52.725 +02:00][ 3148: 3148][info ] LoadDynamicKrisp
[2026-Mar-30 20:28:52.725 +02:00][ 3148: 3148][info ] Did not find KRISP_DYLIB_PATH, skipping dynamic loading
[2026-Mar-30 20:28:52.725 +02:00][ 3148: 3148][info ] Initializing Krisp SDK in PID 3148, addr 0x7fcc11d7d150
[2026-Mar-30 20:28:52.726 +02:00][ 3148: 3148][info ] Initialized Krisp SDK successfully
[2026-Mar-30 20:28:52.726 +02:00][ 3148: 3148][info ] Krisp SDK initialized
[2026-Mar-30 20:29:02.081 +02:00][ 3148: 3222][info ] KrispVADSetup: sampleRate = 48000, duration = 10
[2026-Mar-30 20:47:40.326 +02:00][ 3148: 3204][info ] KrispVADReset
[2026-Mar-30 22:40:30.061 +02:00][ 6505: 6505][info ] Logging initialized
[2026-Mar-30 22:40:30.061 +02:00][ 6505: 6505][info ] Initializing krisp SDK...
[2026-Mar-30 22:40:30.061 +02:00][ 6505: 6505][info ] DoKrispInitialize
[2026-Mar-30 22:40:30.365 +02:00][ 6505: 6505][info ] LoadDynamicKrisp
[2026-Mar-30 22:40:30.365 +02:00][ 6505: 6505][info ] Did not find KRISP_DYLIB_PATH, skipping dynamic loading
[2026-Mar-30 22:40:30.365 +02:00][ 6505: 6505][info ] Initializing Krisp SDK in PID 6505, addr 0x7f470377d150
[2026-Mar-30 22:40:30.366 +02:00][ 6505: 6505][info ] Initialized Krisp SDK successfully
[2026-Mar-30 22:40:30.366 +02:00][ 6505: 6505][info ] Krisp SDK initialized
[2026-Mar-30 22:42:49.807 +02:00][ 6505: 6585][info ] KrispVADSetup: sampleRate = 48000, duration = 10
[2026-Mar-30 22:43:38.456 +02:00][ 6505: 6567][info ] KrispVADReset
[2026-Apr-03 14:34:25.372 +02:00][12626:12626][info ] Logging initialized
[2026-Apr-03 14:34:25.372 +02:00][12626:12626][info ] Initializing krisp SDK...
[2026-Apr-03 14:34:25.372 +02:00][12626:12626][info ] DoKrispInitialize
[2026-Apr-03 14:34:25.721 +02:00][12626:12626][info ] LoadDynamicKrisp
[2026-Apr-03 14:34:25.721 +02:00][12626:12626][info ] Did not find KRISP_DYLIB_PATH, skipping dynamic loading
[2026-Apr-03 14:34:25.721 +02:00][12626:12626][info ] Initializing Krisp SDK in PID 12626, addr 0x7fbde316d150
[2026-Apr-03 14:34:25.721 +02:00][12626:12626][info ] Initialized Krisp SDK successfully
[2026-Apr-03 14:34:25.721 +02:00][12626:12626][info ] Krisp SDK initialized
[2026-Apr-03 15:00:27.676 +02:00][15044:15044][info ] Logging initialized
[2026-Apr-03 15:00:27.676 +02:00][15044:15044][info ] Initializing krisp SDK...
[2026-Apr-03 15:00:27.676 +02:00][15044:15044][info ] DoKrispInitialize
[2026-Apr-03 15:00:27.996 +02:00][15044:15044][info ] LoadDynamicKrisp
[2026-Apr-03 15:00:27.996 +02:00][15044:15044][info ] Did not find KRISP_DYLIB_PATH, skipping dynamic loading
[2026-Apr-03 15:00:27.996 +02:00][15044:15044][info ] Initializing Krisp SDK in PID 15044, addr 0x7f589857d150
[2026-Apr-03 15:00:27.998 +02:00][15044:15044][info ] Initialized Krisp SDK successfully
[2026-Apr-03 15:00:27.998 +02:00][15044:15044][info ] Krisp SDK initialized
[2026-Apr-03 15:01:12.232 +02:00][15044:15097][info ] KrispVADSetup: sampleRate = 48000, duration = 10
[2026-Apr-03 15:01:19.117 +02:00][15044:15079][info ] KrispVADReset
[2026-Apr-04 13:14:55.698 +02:00][ 5450: 5450][info ] Logging initialized
[2026-Apr-04 13:14:55.698 +02:00][ 5450: 5450][info ] Initializing krisp SDK...
[2026-Apr-04 13:14:55.698 +02:00][ 5450: 5450][info ] DoKrispInitialize
[2026-Apr-04 13:14:56.003 +02:00][ 5450: 5450][info ] LoadDynamicKrisp
[2026-Apr-04 13:14:56.003 +02:00][ 5450: 5450][info ] Did not find KRISP_DYLIB_PATH, skipping dynamic loading
[2026-Apr-04 13:14:56.003 +02:00][ 5450: 5450][info ] Initializing Krisp SDK in PID 5450, addr 0x7fecb9d6d150
[2026-Apr-04 13:14:56.004 +02:00][ 5450: 5450][info ] Initialized Krisp SDK successfully
[2026-Apr-04 13:14:56.004 +02:00][ 5450: 5450][info ] Krisp SDK initialized
[2026-Apr-04 13:45:56.111 +02:00][11683:11683][info ] Logging initialized
[2026-Apr-04 13:45:56.111 +02:00][11683:11683][info ] Initializing krisp SDK...
[2026-Apr-04 13:45:56.111 +02:00][11683:11683][info ] DoKrispInitialize
[2026-Apr-04 13:45:56.416 +02:00][11683:11683][info ] LoadDynamicKrisp
[2026-Apr-04 13:45:56.416 +02:00][11683:11683][info ] Did not find KRISP_DYLIB_PATH, skipping dynamic loading
[2026-Apr-04 13:45:56.416 +02:00][11683:11683][info ] Initializing Krisp SDK in PID 11683, addr 0x7fe36397d150
[2026-Apr-04 13:45:56.417 +02:00][11683:11683][info ] Initialized Krisp SDK successfully
[2026-Apr-04 13:45:56.417 +02:00][11683:11683][info ] Krisp SDK initialized
[2026-Apr-04 13:50:35.608 +02:00][24328:24328][info ] Logging initialized
[2026-Apr-04 13:50:35.608 +02:00][24328:24328][info ] Initializing krisp SDK...
[2026-Apr-04 13:50:35.608 +02:00][24328:24328][info ] DoKrispInitialize
[2026-Apr-04 13:50:35.853 +02:00][24328:24328][info ] LoadDynamicKrisp
[2026-Apr-04 13:50:35.853 +02:00][24328:24328][info ] Did not find KRISP_DYLIB_PATH, skipping dynamic loading
[2026-Apr-04 13:50:35.853 +02:00][24328:24328][info ] Initializing Krisp SDK in PID 24328, addr 0x7fb6acf6d150
[2026-Apr-04 13:50:35.853 +02:00][24328:24328][info ] Initialized Krisp SDK successfully
[2026-Apr-04 13:50:35.853 +02:00][24328:24328][info ] Krisp SDK initialized
[2026-Apr-04 13:51:04.873 +02:00][28230:28230][info ] Logging initialized
[2026-Apr-04 13:51:04.873 +02:00][28230:28230][info ] Initializing krisp SDK...
[2026-Apr-04 13:51:04.873 +02:00][28230:28230][info ] DoKrispInitialize
[2026-Apr-04 13:51:05.119 +02:00][28230:28230][info ] LoadDynamicKrisp
[2026-Apr-04 13:51:05.119 +02:00][28230:28230][info ] Did not find KRISP_DYLIB_PATH, skipping dynamic loading
[2026-Apr-04 13:51:05.119 +02:00][28230:28230][info ] Initializing Krisp SDK in PID 28230, addr 0x7f5b6997d150
[2026-Apr-04 13:51:05.119 +02:00][28230:28230][info ] Initialized Krisp SDK successfully
[2026-Apr-04 13:51:05.119 +02:00][28230:28230][info ] Krisp SDK initialized
[2026-Apr-04 13:52:46.959 +02:00][30488:30488][info ] Logging initialized
[2026-Apr-04 13:52:46.959 +02:00][30488:30488][info ] Initializing krisp SDK...
[2026-Apr-04 13:52:46.959 +02:00][30488:30488][info ] DoKrispInitialize
[2026-Apr-04 13:52:47.204 +02:00][30488:30488][info ] LoadDynamicKrisp
[2026-Apr-04 13:52:47.204 +02:00][30488:30488][info ] Did not find KRISP_DYLIB_PATH, skipping dynamic loading
[2026-Apr-04 13:52:47.204 +02:00][30488:30488][info ] Initializing Krisp SDK in PID 30488, addr 0x7fef8df7d150
[2026-Apr-04 13:52:47.204 +02:00][30488:30488][info ] Initialized Krisp SDK successfully
[2026-Apr-04 13:52:47.204 +02:00][30488:30488][info ] Krisp SDK initialized
[2026-Apr-04 13:54:33.255 +02:00][31340:31340][info ] Logging initialized
[2026-Apr-04 13:54:33.255 +02:00][31340:31340][info ] Initializing krisp SDK...
[2026-Apr-04 13:54:33.255 +02:00][31340:31340][info ] DoKrispInitialize
[2026-Apr-04 13:54:33.499 +02:00][31340:31340][info ] LoadDynamicKrisp
[2026-Apr-04 13:54:33.499 +02:00][31340:31340][info ] Did not find KRISP_DYLIB_PATH, skipping dynamic loading
[2026-Apr-04 13:54:33.499 +02:00][31340:31340][info ] Initializing Krisp SDK in PID 31340, addr 0x7fa1bcb7d150
[2026-Apr-04 13:54:33.500 +02:00][31340:31340][info ] Initialized Krisp SDK successfully
[2026-Apr-04 13:54:33.500 +02:00][31340:31340][info ] Krisp SDK initialized
[2026-Apr-04 13:55:42.183 +02:00][32740:32740][info ] Logging initialized
[2026-Apr-04 13:55:42.183 +02:00][32740:32740][info ] Initializing krisp SDK...
[2026-Apr-04 13:55:42.183 +02:00][32740:32740][info ] DoKrispInitialize
[2026-Apr-04 13:55:42.428 +02:00][32740:32740][info ] LoadDynamicKrisp
[2026-Apr-04 13:55:42.428 +02:00][32740:32740][info ] Did not find KRISP_DYLIB_PATH, skipping dynamic loading
[2026-Apr-04 13:55:42.428 +02:00][32740:32740][info ] Initializing Krisp SDK in PID 32740, addr 0x7faaae57d150
[2026-Apr-04 13:55:42.428 +02:00][32740:32740][info ] Initialized Krisp SDK successfully
[2026-Apr-04 13:55:42.428 +02:00][32740:32740][info ] Krisp SDK initialized
[2026-Apr-04 13:56:14.968 +02:00][  694:  694][info ] Logging initialized
[2026-Apr-04 13:56:14.968 +02:00][  694:  694][info ] Initializing krisp SDK...
[2026-Apr-04 13:56:14.968 +02:00][  694:  694][info ] DoKrispInitialize
[2026-Apr-04 13:56:15.213 +02:00][  694:  694][info ] LoadDynamicKrisp
[2026-Apr-04 13:56:15.213 +02:00][  694:  694][info ] Did not find KRISP_DYLIB_PATH, skipping dynamic loading
[2026-Apr-04 13:56:15.213 +02:00][  694:  694][info ] Initializing Krisp SDK in PID 694, addr 0x7f4b7e36d150
[2026-Apr-04 13:56:15.213 +02:00][  694:  694][info ] Initialized Krisp SDK successfully
[2026-Apr-04 13:56:15.213 +02:00][  694:  694][info ] Krisp SDK initialized
[2026-Apr-04 13:56:50.132 +02:00][ 1346: 1346][info ] Logging initialized
[2026-Apr-04 13:56:50.132 +02:00][ 1346: 1346][info ] Initializing krisp SDK...
[2026-Apr-04 13:56:50.132 +02:00][ 1346: 1346][info ] DoKrispInitialize
[2026-Apr-04 13:56:50.377 +02:00][ 1346: 1346][info ] LoadDynamicKrisp
[2026-Apr-04 13:56:50.377 +02:00][ 1346: 1346][info ] Did not find KRISP_DYLIB_PATH, skipping dynamic loading
[2026-Apr-04 13:56:50.377 +02:00][ 1346: 1346][info ] Initializing Krisp SDK in PID 1346, addr 0x7fdb6c57d150
[2026-Apr-04 13:56:50.378 +02:00][ 1346: 1346][info ] Initialized Krisp SDK successfully
[2026-Apr-04 13:56:50.378 +02:00][ 1346: 1346][info ] Krisp SDK initialized
[2026-Apr-04 13:59:44.524 +02:00][ 2239: 2239][info ] Logging initialized
[2026-Apr-04 13:59:44.524 +02:00][ 2239: 2239][info ] Initializing krisp SDK...
[2026-Apr-04 13:59:44.524 +02:00][ 2239: 2239][info ] DoKrispInitialize
[2026-Apr-04 13:59:44.771 +02:00][ 2239: 2239][info ] LoadDynamicKrisp
[2026-Apr-04 13:59:44.771 +02:00][ 2239: 2239][info ] Did not find KRISP_DYLIB_PATH, skipping dynamic loading
[2026-Apr-04 13:59:44.771 +02:00][ 2239: 2239][info ] Initializing Krisp SDK in PID 2239, addr 0x7fd592b7d150
[2026-Apr-04 13:59:44.771 +02:00][ 2239: 2239][info ] Initialized Krisp SDK successfully
[2026-Apr-04 13:59:44.771 +02:00][ 2239: 2239][info ] Krisp SDK initialized
