[2026-Mar-24 22:02:21.208 +01:00][ 4262: 4262][info ] Logging initialized
[2026-Mar-25 08:26:38.452 +01:00][ 4262: 4306][info ] Wayland idle manager shut down
[2026-Mar-25 08:26:39.193 +01:00][ 4262:11434][info ] Wayland idle manager initialized successfully
[2026-Mar-25 08:26:39.194 +01:00][ 4262: 4262][info ] Logging initialized
[2026-Mar-25 20:32:21.899 +01:00][ 4700: 4700][info ] Logging initialized
[2026-Mar-25 20:32:22.808 +01:00][ 4700: 4742][info ] Wayland idle manager shut down
[2026-Mar-25 20:32:23.264 +01:00][ 4700: 4914][info ] Wayland idle manager initialized successfully
[2026-Mar-25 20:32:23.265 +01:00][ 4700: 4700][info ] Logging initialized
[2026-Mar-28 19:28:46.017 +01:00][ 5117: 5117][info ] Logging initialized
[2026-Mar-28 23:21:33.206 +01:00][ 3975: 3975][info ] Logging initialized
[2026-Mar-28 23:29:12.294 +01:00][ 6229: 6229][info ] Logging initialized
[2026-Mar-29 00:56:13.633 +01:00][ 7554: 7554][info ] Logging initialized
[2026-Mar-29 15:51:18.379 +02:00][ 8147: 8147][info ] Logging initialized
[2026-Mar-30 19:37:01.276 +02:00][ 5233: 5233][info ] Logging initialized
[2026-Mar-30 20:28:52.024 +02:00][ 3148: 3148][info ] Logging initialized
[2026-Mar-30 22:40:29.638 +02:00][ 6505: 6505][info ] Logging initialized
[2026-Apr-03 14:34:16.525 +02:00][12626:12626][info ] Logging initialized
[2026-Apr-03 15:00:27.309 +02:00][15044:15044][info ] Logging initialized
[2026-Apr-04 13:14:55.385 +02:00][ 5450: 5450][info ] Logging initialized
[2026-Apr-04 13:45:55.797 +02:00][11683:11683][info ] Logging initialized
[2026-Apr-04 13:50:35.236 +02:00][24328:24328][info ] Logging initialized
[2026-Apr-04 13:51:04.360 +02:00][28230:28230][info ] Logging initialized
[2026-Apr-04 13:52:46.455 +02:00][30488:30488][info ] Logging initialized
[2026-Apr-04 13:54:32.758 +02:00][31340:31340][info ] Logging initialized
[2026-Apr-04 13:55:41.665 +02:00][32740:32740][info ] Logging initialized
[2026-Apr-04 13:56:14.468 +02:00][  694:  694][info ] Logging initialized
[2026-Apr-04 13:56:49.625 +02:00][ 1346: 1346][info ] Logging initialized
[2026-Apr-04 13:59:44.012 +02:00][ 2239: 2239][info ] Logging initialized
